make all --print-data-base --no-builtin-variables --no-builtin-rules --question
# GNU Make 3.81
# Copyright (C) 2006  Free Software Foundation, Inc.
# This is free software; see the source for copying conditions.
# There is NO warranty; not even for MERCHANTABILITY or FITNESS FOR A
# PARTICULAR PURPOSE.

# This program built for i386-apple-darwin11.3.0
 

# Make data base, printed on Wed Jun 15 15:18:37 2022

# Variables

# automatic
<D = $(patsubst %/,%,$(dir $<))
# automatic
?F = $(notdir $?)
# environment
ELECTRON_NO_ATTACH_CONSOLE = 1
# makefile (from `Makefile', line 9)
OBJ = $(SRCS:.cpp=.o)
# environment
VSCODE_LOG_NATIVE = false
# environment
NVM_INC = /Users/root1/.nvm/versions/node/v16.13.2/include/node
# automatic
?D = $(patsubst %/,%,$(dir $?))
# automatic
@D = $(patsubst %/,%,$(dir $@))
# automatic
@F = $(notdir $@)
# makefile
CURDIR := /Users/root1/42/c++/c00
# makefile
SHELL = /bin/sh
# environment
FZF_DEFAULT_COMMAND = rg --files --no-ignore --hidden --follow --glob "!.git/*"
# environment
VSCODE_NLS_CONFIG = {"locale":"en-gb","availableLanguages":{},"_languagePackSupport":true}
# environment
_ = /usr/bin/make
# makefile (from `Makefile', line 1)
MAKEFILE_LIST :=  Makefile
# environment
VSCODE_VERBOSE_LOGGING = true
# environment
__CFBundleIdentifier = com.microsoft.VSCode
# environment
FNM_NODE_DIST_MIRROR = https://nodejs.org/dist
# environment
VSCODE_IPC_HOOK_EXTHOST = /var/folders/ct/212g4cqs6qj3qmczfxn7xtb80000gn/T/vscode-ipc-78103609-958e-47ef-b301-adecc14140d6.sock
# environment
VSCODE_CWD = /Users/root1/42/c++/c00
# makefile (from `Makefile', line 8)
OBJS_DIR = objects/
# environment
PATH = /Users/root1/.local/bin:/Users/root1/Library/Caches/fnm_multishells/1750_1655268953229/bin:/Users/root1/.nvm/versions/node/v16.13.2/bin:/Users/root1/Library/Caches/fnm_multishells/633_1655268887461/bin:/usr/local/bin:/System/Cryptexes/App/usr/bin:/usr/bin:/bin:/usr/sbin:/sbin:/usr/local/go/bin:/Library/Apple/usr/bin:/Applications/Postgres.app/Contents/Versions/latest/bin:/usr/local/opt/fzf/bin:/Users/root1/.devlopment/flutter/bin
# environment
FNM_DIR = /Users/root1/Library/Application Support/fnm
# environment
LSCOLORS = Gxfxcxdxbxegedabagacad
# environment
NVM_BIN = /Users/root1/.nvm/versions/node/v16.13.2/bin
# environment
FNM_LOGLEVEL = info
# environment
LaunchInstanceID = 7A934D5B-2FBE-41F5-B83D-18F9F0BEA62D
# makefile (from `Makefile', line 3)
SRCS_DIR = ./
# environment
VSCODE_LOG_STACK = false
# environment
ELECTRON_RUN_AS_NODE = 1
# default
.FEATURES := target-specific order-only second-expansion else-if archives jobserver check-symlink
# environment
SSH_AUTH_SOCK = /private/tmp/com.apple.launchd.3YfTS7g6Rs/Listeners
# automatic
%F = $(notdir $%)
# environment
VSCODE_PIPE_LOGGING = true
# makefile (from `Makefile', line 10)
OBJS = $(addprefix $(OBJS_DIR), $(OBJ))
# environment
PWD = /Users/root1/42/c++/c00
# environment
ORIGINAL_XDG_CURRENT_DESKTOP = undefined
# environment
VSCODE_AMD_ENTRYPOINT = vs/workbench/api/node/extensionHostProcess
# environment
HOME = /Users/root1
# default
MAKEFILEPATH := /Applications/Xcode-beta.app/Contents/Developer/Makefiles
# environment
VSCODE_CLI = 1
# environment
VSCODE_CODE_CACHE_PATH = /Users/root1/Library/Application Support/Code/CachedData/4af164ea3a06f701fe3e89a2bcbb421d2026b68f
# environment
FNM_MULTISHELL_PATH = /Users/root1/Library/Caches/fnm_multishells/1750_1655268953229
# environment
LOGNAME = root1
# environment
APPLICATION_INSIGHTS_NO_DIAGNOSTIC_CHANNEL = 1
# environment
NVM_CD_FLAGS = -q
# environment
ZSH = /Users/root1/.oh-my-zsh
# environment
VSCODE_HANDLES_UNCAUGHT_ERRORS = true
# automatic
^D = $(patsubst %/,%,$(dir $^))
# environment
XPC_FLAGS = 0x0
# environment
COLORTERM = truecolor
# default
MAKE = $(MAKE_COMMAND)
# environment
LC_TERMINAL = iTerm2
# makefile (from `Makefile', line 4)
SRCS = megaphone.cpp
# environment
SHLVL = 4
# default
MAKE_VERSION := 3.81
# environment
USER = root1
# makefile
.DEFAULT_GOAL := megaphone
# default
MAKECMDGOALS := all
# environment
TERM_SESSION_ID = w0t0p0:6948F01A-1D5F-4EF4-B854-FEAD33A7EA23
# makefile (from `Makefile', line 1)
NAME = megaphone
# environment
LESS = -R
# automatic
%D = $(patsubst %/,%,$(dir $%))
# default
MAKE_COMMAND := /Applications/Xcode-beta.app/Contents/Developer/usr/bin/make
# environment
TERM_PROGRAM = iTerm.app
# default
.VARIABLES := 
# environment
TMPDIR = /var/folders/ct/212g4cqs6qj3qmczfxn7xtb80000gn/T/
# automatic
*F = $(notdir $*)
# environment
VSCODE_IPC_HOOK = /Users/root1/Library/Application Support/Code/1.68.0-main.sock
# makefile
MAKEFLAGS = Rrqp
# environment
MFLAGS = -Rrqp
# automatic
*D = $(patsubst %/,%,$(dir $*))
# environment
 
TERM_PROGRAM_VERSION = 3.4.12
# environment
NVM_DIR = /Users/root1/.nvm
# environment
FNM_VERSION_FILE_STRATEGY = local
# environment
XPC_SERVICE_NAME = application.com.microsoft.VSCode.34831438.34831444.A85D6A90-8755-4927-9F90-4949C7F22739
# environment
LC_TERMINAL_VERSION = 3.4.12
# automatic
+D = $(patsubst %/,%,$(dir $+))
# automatic
+F = $(notdir $+)
# environment
ITERM_SESSION_ID = w0t0p0:6948F01A-1D5F-4EF4-B854-FEAD33A7EA23
# environment
COLORFGBG = 7;0
# environment
__CF_USER_TEXT_ENCODING = 0x1F5:0:0
# environment
COMMAND_MODE = unix2003
# default
MAKEFILES := 
# automatic
<F = $(notdir $<)
# environment
ITERM_PROFILE = Default
# environment
XDG_CONFIG_HOME = /Users/root1/.config
# environment
EDITOR = vim
# environment
PAGER = less
# environment
LC_ALL = C
# environment
NVIMRC = ~/.config/nvim/init.vim
# environment
SECURITYSESSIONID = 186a3
# automatic
^F = $(notdir $^)
# environment
FNM_ARCH = x64
# default
SUFFIXES := 
# makefile (from `Makefile', line 6)
FLAGS = -Wall -Wextra -Werror
# default
.INCLUDE_DIRS = /usr/local/include
# environment
MAKELEVEL := 0
# environment
CLICOLOR = 1
# environment
LANG = C
# environment
TERM = xterm-256color
# environment
VSCODE_PID = 497
# variable set hash-table stats:
# Load=102/1024=10%, Rehash=0, Collisions=16/138=12%

# Pattern-specific Variable Values

# No pattern-specific variable values.

# Directories

# . (device 16777220, inode 35084554): 5 files, no impossibilities.

# 5 files, no impossibilities in 1 directories.

# Implicit Rules

objects/%.o: ./%.cpp
#  commands to execute (from `Makefile', line 13):
	@mkdir -p $(OBJS_DIR)
	@echo "Compiling: $<"
	@clang++ $(FLAGS) -c $< -o $@
	

# 1 implicit rules, 0 (0.0%) terminal.

# Files

all: megaphone
#  Command-line target.
#  Implicit rule search has been done.
#  File does not exist.
#  File has been updated.
#  Needs to be updated (-q is set).
# variable set hash-table stats:
# Load=0/32=0%, Rehash=0, Collisions=0/4=0%

# Not a target:
.SUFFIXES:
#  Implicit rule search has not been done.
#  Modification time never checked.
#  File has not been updated.

# Not a target:
Makefile:
#  Implicit rule search has been done.
#  Last modified 2022-06-15 15:18:34
#  File has been updated.
#  Successfully updated.
# variable set hash-table stats:
# Load=0/32=0%, Rehash=0, Collisions=0/0=0%

# Not a target:
megaphone.cpp:
#  Implicit rule search has been done.
#  Last modified 2022-06-15 15:16:57
#  File has been updated.
#  Successfully updated.
# variable set hash-table stats:
# Load=0/32=0%, Rehash=0, Collisions=0/0=0%

fclean: clean
#  Implicit rule search has not been done.
#  Modification time never checked.
#  File has not been updated.
#  commands to execute (from `Makefile', line 27):
	@echo "Cleaning: $(NAME)"
	@rm -f $(NAME)
	

# Not a target:
.DEFAULT:
#  Implicit rule search has not been done.
#  Modification time never checked.
#  File has not been updated.

re: fclean all
#  Implicit rule search has not been done.
#  Modification time never checked.
#  File has not been updated.

clean:
#  Implicit rule search has not been done.
#  Modification time never checked.
#  File has not been updated.
#  commands to execute (from `Makefile', line 23):
	@echo "Cleaning: $(OBJS_DIR)"
	@rm -rf $(OBJS_DIR)
	

objects/megaphone.o: megaphone.cpp
#  Implicit rule search has been done.
#  Implicit/static pattern stem: `megaphone'
#  File does not exist.
#  File has been updated.
#  Needs to be updated (-q is set).
# automatic
# @ := objects/megaphone.o
# automatic
# % := 
# automatic
# * := megaphone
# automatic
# + := megaphone.cpp
# automatic
# | := 
# automatic
# < := megaphone.cpp
# automatic
# ^ := megaphone.cpp
 
# automatic
# ? := megaphone.cpp
# variable set hash-table stats:
# Load=8/32=25%, Rehash=0, Collisions=1/15=7%
#  commands to execute (from `Makefile', line 13):
	@mkdir -p $(OBJS_DIR)
	@echo "Compiling: $<"
	@clang++ $(FLAGS) -c $< -o $@
	

megaphone: objects/megaphone.o
#  Implicit rule search has not been done.
#  File does not exist.
#  File has been updated.
#  Needs to be updated (-q is set).
# variable set hash-table stats:
# Load=0/32=0%, Rehash=0, Collisions=0/4=0%
#  commands to execute (from `Makefile', line 18):
	@clang++ $(FLAGS) -o $(NAME) $(OBJS)
	

# files hash-table stats:
# Load=10/1024=1%, Rehash=0, Collisions=0/31=0%
# VPATH Search Paths

# No `vpath' search paths.

# No general (`VPATH' variable) search path.

# # of strings in strcache: 1
# # of strcache buffers: 1
# strcache size: total = 4096 / max = 4096 / min = 4096 / avg = 4096
# strcache free: total = 4087 / max = 4087 / min = 4087 / avg = 4087

# Finished Make data base on Wed Jun 15 15:18:37 2022

 
